<?xml version="1.0" encoding="UTF-8"?>
<!-- Generated by org.testng.reporters.JUnitXMLReporter -->
<testsuite ignored="0" hostname="DESKTOP-ARF3BKM" failures="0" tests="4" name="Default test" time="72.179" errors="0" timestamp="2023-06-28T09:51:35 IST">
  <testcase classname="com.qa.makemytrip.Holidays_packages" name="departure" time="20.153"/>
  <testcase classname="com.qa.makemytrip.Holidays_packages" name="pop_up_handle" time="18.157"/>
  <testcase classname="com.qa.makemytrip.Holidays_packages" name="hotel_room_booking" time="27.672"/>
  <testcase classname="com.qa.makemytrip.Holidays_packages" name="change_room_booking" time="1.098"/>
</testsuite> <!-- Default test -->
